[debug] ----------------------------------------------------------------------
[debug] Command:      /Users/vaughnwalters/.nvm/versions/node/v6.6.0/bin/node /Users/vaughnwalters/.nvm/versions/node/v6.6.0/bin/firebase deploy
[debug] CLI Version:  3.0.7
[debug] Platform:     darwin
[debug] Node Version: v6.6.0
[debug] Time:         Mon Oct 03 2016 18:39:26 GMT-0500 (CDT)
[debug] ----------------------------------------------------------------------
[debug] 
[debug] > command requires scopes: ["email","openid","https://www.googleapis.com/auth/cloudplatformprojects.readonly","https://www.googleapis.com/auth/firebase"]
[debug] > refreshing access token with scopes: ["email","https://www.googleapis.com/auth/cloudplatformprojects.readonly","https://www.googleapis.com/auth/firebase","openid"]
[debug] >>> HTTP REQUEST POST https://www.googleapis.com/oauth2/v3/token
[debug] <<< HTTP RESPONSE 200
[debug] >>> HTTP REQUEST GET https://admin.firebase.com/v1/projects/vaughnwalters-79c37 
[debug] <<< HTTP RESPONSE 200
[debug] >>> HTTP REQUEST GET https://admin.firebase.com/v1/database/vaughnwalters-79c37/tokens 
[debug] <<< HTTP RESPONSE 200
[info] 
[info] === Deploying to 'vaughnwalters-79c37'...
[info] 
[info] i  deploying hosting
[info] ✔  database: rules ready to deploy.
[info] i  hosting: preparing personalSite directory for upload...
